Determining if the pthread_create exist failed with the following output:
Change Dir: /home/nvidia/Qt demos/magnetic/build/CMakeFiles/CMakeTmp

Run Build Command:"/usr/bin/make" "cmTC_f9e9b/fast"
/usr/bin/make -f CMakeFiles/cmTC_f9e9b.dir/build.make CMakeFiles/cmTC_f9e9b.dir/build
make[1]: Entering directory '/home/nvidia/Qt demos/magnetic/build/CMakeFiles/CMakeTmp'
Building C object CMakeFiles/cmTC_f9e9b.dir/CheckSymbolExists.c.o
/usr/bin/gcc     -o CMakeFiles/cmTC_f9e9b.dir/CheckSymbolExists.c.o   -c "/home/nvidia/Qt demos/magnetic/build/CMakeFiles/CMakeTmp/CheckSymbolExists.c"
Linking C executable cmTC_f9e9b
/usr/bin/cmake -E cmake_link_script CMakeFiles/cmTC_f9e9b.dir/link.txt --verbose=1
/usr/bin/gcc       CMakeFiles/cmTC_f9e9b.dir/CheckSymbolExists.c.o  -o cmTC_f9e9b -rdynamic 
CMakeFiles/cmTC_f9e9b.dir/CheckSymbolExists.c.o: In function `main':
CheckSymbolExists.c:(.text+0x14): undefined reference to `pthread_create'
CheckSymbolExists.c:(.text+0x18): undefined reference to `pthread_create'
collect2: error: ld returned 1 exit status
CMakeFiles/cmTC_f9e9b.dir/build.make:97: recipe for target 'cmTC_f9e9b' failed
make[1]: *** [cmTC_f9e9b] Error 1
make[1]: Leaving directory '/home/nvidia/Qt demos/magnetic/build/CMakeFiles/CMakeTmp'
Makefile:126: recipe for target 'cmTC_f9e9b/fast' failed
make: *** [cmTC_f9e9b/fast] Error 2

File /home/nvidia/Qt demos/magnetic/build/CMakeFiles/CMakeTmp/CheckSymbolExists.c:
/* */
#include <pthread.h>

int main(int argc, char** argv)
{
  (void)argv;
#ifndef pthread_create
  return ((int*)(&pthread_create))[argc];
#else
  (void)argc;
  return 0;
#endif
}

Determining if the function pthread_create exists in the pthreads failed with the following output:
Change Dir: /home/nvidia/Qt demos/magnetic/build/CMakeFiles/CMakeTmp

Run Build Command:"/usr/bin/make" "cmTC_fec72/fast"
/usr/bin/make -f CMakeFiles/cmTC_fec72.dir/build.make CMakeFiles/cmTC_fec72.dir/build
make[1]: Entering directory '/home/nvidia/Qt demos/magnetic/build/CMakeFiles/CMakeTmp'
Building C object CMakeFiles/cmTC_fec72.dir/CheckFunctionExists.c.o
/usr/bin/gcc    -DCHECK_FUNCTION_EXISTS=pthread_create   -o CMakeFiles/cmTC_fec72.dir/CheckFunctionExists.c.o   -c /usr/share/cmake-3.5/Modules/CheckFunctionExists.c
Linking C executable cmTC_fec72
/usr/bin/cmake -E cmake_link_script CMakeFiles/cmTC_fec72.dir/link.txt --verbose=1
/usr/bin/gcc   -DCHECK_FUNCTION_EXISTS=pthread_create    CMakeFiles/cmTC_fec72.dir/CheckFunctionExists.c.o  -o cmTC_fec72 -rdynamic -lpthreads 
/usr/bin/ld: cannot find -lpthreads
collect2: error: ld returned 1 exit status
CMakeFiles/cmTC_fec72.dir/build.make:97: recipe for target 'cmTC_fec72' failed
make[1]: *** [cmTC_fec72] Error 1
make[1]: Leaving directory '/home/nvidia/Qt demos/magnetic/build/CMakeFiles/CMakeTmp'
Makefile:126: recipe for target 'cmTC_fec72/fast' failed
make: *** [cmTC_fec72/fast] Error 2


